<?xml version="1.0" encoding="UTF-8"?>
<!-- Generated by org.testng.reporters.JUnitReportReporter -->
<testsuite skipped="0" hostname="DESKTOP-PL4MI5L" name="com.jbk.DemoProjects" tests="2" failures="0" timestamp="2022-04-13T15:27:05 IST" time="9.357" errors="0">
  <testcase name="Loginpage" time="4.173" classname="com.jbk.DemoProjects"/>
  <system-out/>
  <testcase name="checkmsg" time="5.184" classname="com.jbk.DemoProjects"/>
  <system-out/>
</testsuite> <!-- com.jbk.DemoProjects -->
