<?xml version="1.0" encoding="UTF-8"?>
<!-- Generated by org.testng.reporters.JUnitReportReporter -->
<testsuite skipped="0" hostname="DESKTOP-PL4MI5L" name="com.jbk.DashboardPage" tests="2" failures="0" timestamp="2022-04-13T15:27:05 IST" time="10.888" errors="0">
  <testcase name="checkmsg01" time="5.718" classname="com.jbk.DashboardPage"/>
  <system-out/>
  <testcase name="checkmsg02" time="5.170" classname="com.jbk.DashboardPage"/>
  <system-out/>
</testsuite> <!-- com.jbk.DashboardPage -->
